{"C:\\Users\\user\\OneDrive\\Escritorio\\Make It Real\\Jest\\Testings\\robot.js": {"path":"C:\\Users\\user\\OneDrive\\Escritorio\\Make It Real\\Jest\\Testings\\robot.js","statementMap":{"0":{"start":{"line":1,"column":0},"end":{"line":89,"column":2}},"1":{"start":{"line":2,"column":10},"end":{"line":2,"column":22}},"2":{"start":{"line":3,"column":10},"end":{"line":3,"column":22}},"3":{"start":{"line":4,"column":20},"end":{"line":4,"column":26}},"4":{"start":{"line":7,"column":4},"end":{"line":20,"column":5}},"5":{"start":{"line":9,"column":8},"end":{"line":9,"column":15}},"6":{"start":{"line":10,"column":8},"end":{"line":10,"column":14}},"7":{"start":{"line":12,"column":8},"end":{"line":12,"column":15}},"8":{"start":{"line":13,"column":8},"end":{"line":13,"column":14}},"9":{"start":{"line":15,"column":8},"end":{"line":15,"column":15}},"10":{"start":{"line":16,"column":8},"end":{"line":16,"column":14}},"11":{"start":{"line":18,"column":8},"end":{"line":18,"column":15}},"12":{"start":{"line":19,"column":8},"end":{"line":19,"column":14}},"13":{"start":{"line":26,"column":4},"end":{"line":39,"column":5}},"14":{"start":{"line":28,"column":8},"end":{"line":28,"column":26}},"15":{"start":{"line":29,"column":8},"end":{"line":29,"column":14}},"16":{"start":{"line":31,"column":8},"end":{"line":31,"column":26}},"17":{"start":{"line":32,"column":8},"end":{"line":32,"column":14}},"18":{"start":{"line":34,"column":8},"end":{"line":34,"column":26}},"19":{"start":{"line":35,"column":8},"end":{"line":35,"column":14}},"20":{"start":{"line":37,"column":8},"end":{"line":37,"column":26}},"21":{"start":{"line":38,"column":8},"end":{"line":38,"column":14}},"22":{"start":{"line":43,"column":4},"end":{"line":56,"column":5}},"23":{"start":{"line":45,"column":8},"end":{"line":45,"column":26}},"24":{"start":{"line":46,"column":8},"end":{"line":46,"column":14}},"25":{"start":{"line":48,"column":8},"end":{"line":48,"column":26}},"26":{"start":{"line":49,"column":8},"end":{"line":49,"column":14}},"27":{"start":{"line":51,"column":8},"end":{"line":51,"column":26}},"28":{"start":{"line":52,"column":8},"end":{"line":52,"column":14}},"29":{"start":{"line":54,"column":8},"end":{"line":54,"column":26}},"30":{"start":{"line":55,"column":8},"end":{"line":55,"column":14}},"31":{"start":{"line":60,"column":21},"end":{"line":60,"column":37}},"32":{"start":{"line":61,"column":4},"end":{"line":75,"column":5}},"33":{"start":{"line":61,"column":17},"end":{"line":61,"column":18}},"34":{"start":{"line":62,"column":6},"end":{"line":74,"column":7}},"35":{"start":{"line":64,"column":10},"end":{"line":64,"column":22}},"36":{"start":{"line":66,"column":10},"end":{"line":66,"column":16}},"37":{"start":{"line":68,"column":10},"end":{"line":68,"column":21}},"38":{"start":{"line":70,"column":10},"end":{"line":70,"column":16}},"39":{"start":{"line":72,"column":10},"end":{"line":72,"column":20}},"40":{"start":{"line":73,"column":10},"end":{"line":73,"column":16}},"41":{"start":{"line":78,"column":4},"end":{"line":85,"column":5}},"42":{"start":{"line":79,"column":6},"end":{"line":81,"column":7}},"43":{"start":{"line":80,"column":8},"end":{"line":80,"column":58}},"44":{"start":{"line":82,"column":6},"end":{"line":82,"column":50}},"45":{"start":{"line":84,"column":6},"end":{"line":84,"column":27}},"46":{"start":{"line":88,"column":2},"end":{"line":88,"column":69}}},"fnMap":{"0":{"name":"(anonymous_0)","decl":{"start":{"line":1,"column":22},"end":{"line":1,"column":23}},"loc":{"start":{"line":1,"column":70},"end":{"line":89,"column":1}},"line":1},"1":{"name":"advance","decl":{"start":{"line":6,"column":11},"end":{"line":6,"column":18}},"loc":{"start":{"line":6,"column":21},"end":{"line":23,"column":3}},"line":6},"2":{"name":"turnRight","decl":{"start":{"line":25,"column":11},"end":{"line":25,"column":20}},"loc":{"start":{"line":25,"column":23},"end":{"line":40,"column":3}},"line":25},"3":{"name":"turnLeft","decl":{"start":{"line":42,"column":11},"end":{"line":42,"column":19}},"loc":{"start":{"line":42,"column":22},"end":{"line":57,"column":3}},"line":42},"4":{"name":"instructions","decl":{"start":{"line":59,"column":11},"end":{"line":59,"column":23}},"loc":{"start":{"line":59,"column":32},"end":{"line":76,"column":3}},"line":59},"5":{"name":"getPosition","decl":{"start":{"line":77,"column":11},"end":{"line":77,"column":22}},"loc":{"start":{"line":77,"column":25},"end":{"line":86,"column":3}},"line":77}},"branchMap":{"0":{"loc":{"start":{"line":7,"column":4},"end":{"line":20,"column":5}},"type":"switch","locations":[{"start":{"line":8,"column":6},"end":{"line":10,"column":14}},{"start":{"line":11,"column":6},"end":{"line":13,"column":14}},{"start":{"line":14,"column":6},"end":{"line":16,"column":14}},{"start":{"line":17,"column":6},"end":{"line":19,"column":14}}],"line":7},"1":{"loc":{"start":{"line":26,"column":4},"end":{"line":39,"column":5}},"type":"switch","locations":[{"start":{"line":27,"column":6},"end":{"line":29,"column":14}},{"start":{"line":30,"column":6},"end":{"line":32,"column":14}},{"start":{"line":33,"column":6},"end":{"line":35,"column":14}},{"start":{"line":36,"column":6},"end":{"line":38,"column":14}}],"line":26},"2":{"loc":{"start":{"line":43,"column":4},"end":{"line":56,"column":5}},"type":"switch","locations":[{"start":{"line":44,"column":6},"end":{"line":46,"column":14}},{"start":{"line":47,"column":6},"end":{"line":49,"column":14}},{"start":{"line":50,"column":6},"end":{"line":52,"column":14}},{"start":{"line":53,"column":6},"end":{"line":55,"column":14}}],"line":43},"3":{"loc":{"start":{"line":62,"column":6},"end":{"line":74,"column":7}},"type":"switch","locations":[{"start":{"line":63,"column":8},"end":{"line":66,"column":16}},{"start":{"line":67,"column":8},"end":{"line":70,"column":16}},{"start":{"line":71,"column":8},"end":{"line":73,"column":16}}],"line":62},"4":{"loc":{"start":{"line":79,"column":6},"end":{"line":81,"column":7}},"type":"if","locations":[{"start":{"line":79,"column":6},"end":{"line":81,"column":7}},{"start":{},"end":{}}],"line":79},"5":{"loc":{"start":{"line":79,"column":10},"end":{"line":79,"column":44}},"type":"binary-expr","locations":[{"start":{"line":79,"column":10},"end":{"line":79,"column":16}},{"start":{"line":79,"column":20},"end":{"line":79,"column":26}},{"start":{"line":79,"column":30},"end":{"line":79,"column":35}},{"start":{"line":79,"column":39},"end":{"line":79,"column":44}}],"line":79}},"s":{"0":1,"1":1,"2":1,"3":1,"4":8,"5":4,"6":4,"7":1,"8":1,"9":2,"10":2,"11":1,"12":1,"13":6,"14":3,"15":3,"16":1,"17":1,"18":1,"19":1,"20":1,"21":1,"22":5,"23":1,"24":1,"25":1,"26":1,"27":2,"28":2,"29":1,"30":1,"31":1,"32":1,"33":1,"34":19,"35":6,"36":6,"37":5,"38":5,"39":8,"40":8,"41":1,"42":1,"43":0,"44":1,"45":0,"46":1},"f":{"0":1,"1":8,"2":6,"3":5,"4":1,"5":1},"b":{"0":[4,1,2,1],"1":[3,1,1,1],"2":[1,1,2,1],"3":[6,5,8],"4":[0,1],"5":[1,1,1,1]},"_coverageSchema":"1a1c01bbd47fc00a2c39e90264f33305004495a9","hash":"8573759a782020a0e5a06f2ad3a2bebc841c63d0"}
}
