TN:
SF:Testings\robot.js
FN:1,(anonymous_0)
FN:6,advance
FN:25,turnRight
FN:42,turnLeft
FN:59,instructions
FN:77,getPosition
FNF:6
FNH:6
FNDA:1,(anonymous_0)
FNDA:8,advance
FNDA:6,turnRight
FNDA:5,turnLeft
FNDA:1,instructions
FNDA:1,getPosition
DA:1,1
DA:2,1
DA:3,1
DA:4,1
DA:7,8
DA:9,4
DA:10,4
DA:12,1
DA:13,1
DA:15,2
DA:16,2
DA:18,1
DA:19,1
DA:26,6
DA:28,3
DA:29,3
DA:31,1
DA:32,1
DA:34,1
DA:35,1
DA:37,1
DA:38,1
DA:43,5
DA:45,1
DA:46,1
DA:48,1
DA:49,1
DA:51,2
DA:52,2
DA:54,1
DA:55,1
DA:60,1
DA:61,1
DA:62,19
DA:64,6
DA:66,6
DA:68,5
DA:70,5
DA:72,8
DA:73,8
DA:78,1
DA:79,1
DA:80,0
DA:82,1
DA:84,0
DA:88,1
LF:46
LH:44
BRDA:7,0,0,4
BRDA:7,0,1,1
BRDA:7,0,2,2
BRDA:7,0,3,1
BRDA:26,1,0,3
BRDA:26,1,1,1
BRDA:26,1,2,1
BRDA:26,1,3,1
BRDA:43,2,0,1
BRDA:43,2,1,1
BRDA:43,2,2,2
BRDA:43,2,3,1
BRDA:62,3,0,6
BRDA:62,3,1,5
BRDA:62,3,2,8
BRDA:79,4,0,0
BRDA:79,4,1,1
BRDA:79,5,0,1
BRDA:79,5,1,1
BRDA:79,5,2,1
BRDA:79,5,3,1
BRF:21
BRH:20
end_of_record
